<?xml version="1.0" encoding="UTF-8"?>
<!-- Generated by org.testng.reporters.JUnitXMLReporter -->
<testsuite ignored="0" hostname="Sams-PC" failures="3" tests="4" name="Rest API" time="4.156" errors="0" timestamp="11 Mar 2023 11:50:28 GMT">
  <testcase classname="testcases.RestApi" name="testGetEmployees" time="2.228"/>
  <testcase classname="testcases.RestApi" name="testCreateEmployees" time="0.614">
    <failure type="java.lang.AssertionError" message="expected [200] but found [429]">
      <![CDATA[java.lang.AssertionError: expected [200] but found [429]
at testcases.RestApi.testCreateEmployees(RestApi.java:37)
... Removed 31 stack frames]]>
    </failure>
  </testcase> <!-- testCreateEmployees -->
  <testcase classname="testcases.RestApi" name="testUpdateEmployeeSalary" time="0.664">
    <failure type="java.lang.AssertionError" message="expected [200] but found [429]">
      <![CDATA[java.lang.AssertionError: expected [200] but found [429]
at testcases.RestApi.testUpdateEmployeeSalary(RestApi.java:55)
... Removed 31 stack frames]]>
    </failure>
  </testcase> <!-- testUpdateEmployeeSalary -->
  <testcase classname="testcases.RestApi" name="testDeleteEmployee" time="0.632">
    <failure type="java.lang.AssertionError" message="expected [200] but found [429]">
      <![CDATA[java.lang.AssertionError: expected [200] but found [429]
at testcases.RestApi.testDeleteEmployee(RestApi.java:83)
... Removed 31 stack frames]]>
    </failure>
  </testcase> <!-- testDeleteEmployee -->
</testsuite> <!-- Rest API -->
